\BOOKMARK [0][-]{chapter.1}{\376\377\0001\000\040\000N\000a\000m\000e\000s\000p\000a\000c\000e\000\040\000I\000n\000d\000e\000x}{}% 1
\BOOKMARK [1][-]{section.1.1}{\376\377\0001\000.\0001\000\040\000P\000a\000c\000k\000a\000g\000e\000\040\000L\000i\000s\000t}{chapter.1}% 2
\BOOKMARK [0][-]{chapter.2}{\376\377\0002\000\040\000H\000i\000e\000r\000a\000r\000c\000h\000i\000c\000a\000l\000\040\000I\000n\000d\000e\000x}{}% 3
\BOOKMARK [1][-]{section.2.1}{\376\377\0002\000.\0001\000\040\000C\000l\000a\000s\000s\000\040\000H\000i\000e\000r\000a\000r\000c\000h\000y}{chapter.2}% 4
\BOOKMARK [0][-]{chapter.3}{\376\377\0003\000\040\000C\000l\000a\000s\000s\000\040\000I\000n\000d\000e\000x}{}% 5
\BOOKMARK [1][-]{section.3.1}{\376\377\0003\000.\0001\000\040\000C\000l\000a\000s\000s\000\040\000L\000i\000s\000t}{chapter.3}% 6
\BOOKMARK [0][-]{chapter.4}{\376\377\0004\000\040\000N\000a\000m\000e\000s\000p\000a\000c\000e\000\040\000D\000o\000c\000u\000m\000e\000n\000t\000a\000t\000i\000o\000n}{}% 7
\BOOKMARK [1][-]{section.4.1}{\376\377\0004\000.\0001\000\040\000S\000a\000d\000S\000a\000p\000p\000h\000i\000c\000G\000a\000m\000e\000s\000\040\000N\000a\000m\000e\000s\000p\000a\000c\000e\000\040\000R\000e\000f\000e\000r\000e\000n\000c\000e}{chapter.4}% 8
\BOOKMARK [1][-]{section.4.2}{\376\377\0004\000.\0002\000\040\000S\000a\000d\000S\000a\000p\000p\000h\000i\000c\000G\000a\000m\000e\000s\000.\000C\000o\000m\000m\000a\000n\000d\000P\000a\000t\000t\000e\000r\000n\000\040\000N\000a\000m\000e\000s\000p\000a\000c\000e\000\040\000R\000e\000f\000e\000r\000e\000n\000c\000e}{chapter.4}% 9
\BOOKMARK [2][-]{subsection.4.2.1}{\376\377\0004\000.\0002\000.\0001\000\040\000E\000n\000u\000m\000e\000r\000a\000t\000i\000o\000n\000\040\000T\000y\000p\000e\000\040\000D\000o\000c\000u\000m\000e\000n\000t\000a\000t\000i\000o\000n}{section.4.2}% 10
\BOOKMARK [3][-]{subsubsection.4.2.1.1}{\376\377\0004\000.\0002\000.\0001\000.\0001\000\040\000E\000x\000e\000c\000u\000t\000e\000C\000o\000d\000e}{subsection.4.2.1}% 11
\BOOKMARK [0][-]{chapter.5}{\376\377\0005\000\040\000C\000l\000a\000s\000s\000\040\000D\000o\000c\000u\000m\000e\000n\000t\000a\000t\000i\000o\000n}{}% 12
\BOOKMARK [1][-]{section.5.1}{\376\377\0005\000.\0001\000\040\000S\000a\000d\000S\000a\000p\000p\000h\000i\000c\000G\000a\000m\000e\000s\000.\000C\000o\000m\000m\000a\000n\000d\000P\000a\000t\000t\000e\000r\000n\000.\000A\000s\000y\000n\000c\000C\000o\000m\000m\000a\000n\000d\000\040\000C\000l\000a\000s\000s\000\040\000R\000e\000f\000e\000r\000e\000n\000c\000e}{chapter.5}% 13
\BOOKMARK [2][-]{subsection.5.1.1}{\376\377\0005\000.\0001\000.\0001\000\040\000D\000e\000t\000a\000i\000l\000e\000d\000\040\000D\000e\000s\000c\000r\000i\000p\000t\000i\000o\000n}{section.5.1}% 14
\BOOKMARK [2][-]{subsection.5.1.2}{\376\377\0005\000.\0001\000.\0002\000\040\000M\000e\000m\000b\000e\000r\000\040\000F\000u\000n\000c\000t\000i\000o\000n\000\040\000D\000o\000c\000u\000m\000e\000n\000t\000a\000t\000i\000o\000n}{section.5.1}% 15
\BOOKMARK [3][-]{subsubsection.5.1.2.1}{\376\377\0005\000.\0001\000.\0002\000.\0001\000\040\000E\000x\000e\000c\000u\000t\000e\000\050\000\051}{subsection.5.1.2}% 16
\BOOKMARK [3][-]{subsubsection.5.1.2.2}{\376\377\0005\000.\0001\000.\0002\000.\0002\000\040\000E\000x\000e\000c\000u\000t\000e\000A\000s\000y\000n\000c\000\050\000\051}{subsection.5.1.2}% 17
\BOOKMARK [2][-]{subsection.5.1.3}{\376\377\0005\000.\0001\000.\0003\000\040\000P\000r\000o\000p\000e\000r\000t\000y\000\040\000D\000o\000c\000u\000m\000e\000n\000t\000a\000t\000i\000o\000n}{section.5.1}% 18
\BOOKMARK [3][-]{subsubsection.5.1.3.1}{\376\377\0005\000.\0001\000.\0003\000.\0001\000\040\000C\000a\000n\000c\000e\000l\000l\000a\000t\000i\000o\000n\000T\000o\000k\000e\000n\000S\000o\000u\000r\000c\000e}{subsection.5.1.3}% 19
\BOOKMARK [3][-]{subsubsection.5.1.3.2}{\376\377\0005\000.\0001\000.\0003\000.\0002\000\040\000C\000o\000m\000m\000a\000n\000d\000T\000a\000s\000k}{subsection.5.1.3}% 20
\BOOKMARK [1][-]{section.5.2}{\376\377\0005\000.\0002\000\040\000S\000a\000d\000S\000a\000p\000p\000h\000i\000c\000G\000a\000m\000e\000s\000.\000C\000o\000m\000m\000a\000n\000d\000P\000a\000t\000t\000e\000r\000n\000.\000C\000o\000m\000m\000a\000n\000d\000\040\000C\000l\000a\000s\000s\000\040\000R\000e\000f\000e\000r\000e\000n\000c\000e}{chapter.5}% 21
\BOOKMARK [2][-]{subsection.5.2.1}{\376\377\0005\000.\0002\000.\0001\000\040\000D\000e\000t\000a\000i\000l\000e\000d\000\040\000D\000e\000s\000c\000r\000i\000p\000t\000i\000o\000n}{section.5.2}% 22
\BOOKMARK [2][-]{subsection.5.2.2}{\376\377\0005\000.\0002\000.\0002\000\040\000M\000e\000m\000b\000e\000r\000\040\000F\000u\000n\000c\000t\000i\000o\000n\000\040\000D\000o\000c\000u\000m\000e\000n\000t\000a\000t\000i\000o\000n}{section.5.2}% 23
\BOOKMARK [3][-]{subsubsection.5.2.2.1}{\376\377\0005\000.\0002\000.\0002\000.\0001\000\040\000E\000x\000e\000c\000u\000t\000e\000\050\000\051}{subsection.5.2.2}% 24
\BOOKMARK [1][-]{section.5.3}{\376\377\0005\000.\0003\000\040\000S\000a\000d\000S\000a\000p\000p\000h\000i\000c\000G\000a\000m\000e\000s\000.\000C\000o\000m\000m\000a\000n\000d\000P\000a\000t\000t\000e\000r\000n\000.\000C\000o\000m\000m\000a\000n\000d\000S\000t\000r\000e\000a\000m\000\040\000C\000l\000a\000s\000s\000\040\000R\000e\000f\000e\000r\000e\000n\000c\000e}{chapter.5}% 25
\BOOKMARK [2][-]{subsection.5.3.1}{\376\377\0005\000.\0003\000.\0001\000\040\000D\000e\000t\000a\000i\000l\000e\000d\000\040\000D\000e\000s\000c\000r\000i\000p\000t\000i\000o\000n}{section.5.3}% 26
\BOOKMARK [2][-]{subsection.5.3.2}{\376\377\0005\000.\0003\000.\0002\000\040\000C\000o\000n\000s\000t\000r\000u\000c\000t\000o\000r\000\040\000\046\000\040\000D\000e\000s\000t\000r\000u\000c\000t\000o\000r\000\040\000D\000o\000c\000u\000m\000e\000n\000t\000a\000t\000i\000o\000n}{section.5.3}% 27
\BOOKMARK [3][-]{subsubsection.5.3.2.1}{\376\377\0005\000.\0003\000.\0002\000.\0001\000\040\000C\000o\000m\000m\000a\000n\000d\000S\000t\000r\000e\000a\000m\000\050\000\051}{subsection.5.3.2}% 28
\BOOKMARK [2][-]{subsection.5.3.3}{\376\377\0005\000.\0003\000.\0003\000\040\000M\000e\000m\000b\000e\000r\000\040\000F\000u\000n\000c\000t\000i\000o\000n\000\040\000D\000o\000c\000u\000m\000e\000n\000t\000a\000t\000i\000o\000n}{section.5.3}% 29
\BOOKMARK [3][-]{subsubsection.5.3.3.1}{\376\377\0005\000.\0003\000.\0003\000.\0001\000\040\000C\000a\000n\000c\000e\000l\000R\000u\000n\000n\000i\000n\000g\000C\000o\000m\000m\000a\000n\000d\000T\000a\000s\000k\000\050\000\051\000\040\000[\0001\000/\0002\000]}{subsection.5.3.3}% 30
\BOOKMARK [3][-]{subsubsection.5.3.3.2}{\376\377\0005\000.\0003\000.\0003\000.\0002\000\040\000C\000a\000n\000c\000e\000l\000R\000u\000n\000n\000i\000n\000g\000C\000o\000m\000m\000a\000n\000d\000T\000a\000s\000k\000\050\000\051\000\040\000[\0002\000/\0002\000]}{subsection.5.3.3}% 31
\BOOKMARK [3][-]{subsubsection.5.3.3.3}{\376\377\0005\000.\0003\000.\0003\000.\0003\000\040\000D\000r\000o\000p\000H\000i\000s\000t\000o\000r\000y\000\050\000\051}{subsection.5.3.3}% 32
\BOOKMARK [3][-]{subsubsection.5.3.3.4}{\376\377\0005\000.\0003\000.\0003\000.\0004\000\040\000D\000r\000o\000p\000Q\000u\000e\000u\000e\000\050\000\051}{subsection.5.3.3}% 33
\BOOKMARK [3][-]{subsubsection.5.3.3.5}{\376\377\0005\000.\0003\000.\0003\000.\0005\000\040\000E\000x\000e\000c\000u\000t\000e\000F\000u\000l\000l\000Q\000u\000e\000u\000e\000\050\000\051}{subsection.5.3.3}% 34
\BOOKMARK [3][-]{subsubsection.5.3.3.6}{\376\377\0005\000.\0003\000.\0003\000.\0006\000\040\000F\000o\000r\000c\000e\000Q\000u\000e\000u\000e\000U\000n\000d\000o\000C\000o\000m\000m\000a\000n\000d\000\050\000\051}{subsection.5.3.3}% 35
\BOOKMARK [3][-]{subsubsection.5.3.3.7}{\376\377\0005\000.\0003\000.\0003\000.\0007\000\040\000G\000e\000t\000C\000o\000m\000m\000a\000n\000d\000H\000i\000s\000t\000o\000r\000y\000\050\000\051}{subsection.5.3.3}% 36
\BOOKMARK [3][-]{subsubsection.5.3.3.8}{\376\377\0005\000.\0003\000.\0003\000.\0008\000\040\000G\000e\000t\000C\000o\000m\000m\000a\000n\000d\000Q\000u\000e\000u\000e\000\050\000\051}{subsection.5.3.3}% 37
\BOOKMARK [3][-]{subsubsection.5.3.3.9}{\376\377\0005\000.\0003\000.\0003\000.\0009\000\040\000G\000e\000t\000F\000a\000u\000l\000t\000e\000d\000C\000o\000m\000m\000a\000n\000d\000T\000a\000s\000k\000s\000\050\000\051}{subsection.5.3.3}% 38
\BOOKMARK [3][-]{subsubsection.5.3.3.10}{\376\377\0005\000.\0003\000.\0003\000.\0001\0000\000\040\000G\000e\000t\000R\000u\000n\000n\000i\000n\000g\000C\000o\000m\000m\000a\000n\000d\000T\000a\000s\000k\000s\000\050\000\051}{subsection.5.3.3}% 39
\BOOKMARK [3][-]{subsubsection.5.3.3.11}{\376\377\0005\000.\0003\000.\0003\000.\0001\0001\000\040\000Q\000u\000e\000u\000e\000C\000o\000m\000m\000a\000n\000d\000\050\000\051}{subsection.5.3.3}% 40
\BOOKMARK [3][-]{subsubsection.5.3.3.12}{\376\377\0005\000.\0003\000.\0003\000.\0001\0002\000\040\000Q\000u\000e\000u\000e\000C\000o\000m\000m\000a\000n\000d\000s\000\050\000\051}{subsection.5.3.3}% 41
\BOOKMARK [3][-]{subsubsection.5.3.3.13}{\376\377\0005\000.\0003\000.\0003\000.\0001\0003\000\040\000T\000r\000y\000E\000x\000e\000c\000u\000t\000e\000N\000e\000x\000t\000\050\000\051\000\040\000[\0001\000/\0002\000]}{subsection.5.3.3}% 42
\BOOKMARK [3][-]{subsubsection.5.3.3.14}{\376\377\0005\000.\0003\000.\0003\000.\0001\0004\000\040\000T\000r\000y\000E\000x\000e\000c\000u\000t\000e\000N\000e\000x\000t\000\050\000\051\000\040\000[\0002\000/\0002\000]}{subsection.5.3.3}% 43
\BOOKMARK [3][-]{subsubsection.5.3.3.15}{\376\377\0005\000.\0003\000.\0003\000.\0001\0005\000\040\000T\000r\000y\000Q\000u\000e\000u\000e\000U\000n\000d\000o\000C\000o\000m\000m\000a\000n\000d\000\050\000\051}{subsection.5.3.3}% 44
\BOOKMARK [1][-]{section.5.4}{\376\377\0005\000.\0004\000\040\000S\000a\000d\000S\000a\000p\000p\000h\000i\000c\000G\000a\000m\000e\000s\000.\000C\000o\000m\000m\000a\000n\000d\000P\000a\000t\000t\000e\000r\000n\000.\000C\000o\000m\000p\000o\000s\000i\000t\000e\000C\000o\000m\000m\000a\000n\000d\000\040\000C\000l\000a\000s\000s\000\040\000R\000e\000f\000e\000r\000e\000n\000c\000e}{chapter.5}% 45
\BOOKMARK [2][-]{subsection.5.4.1}{\376\377\0005\000.\0004\000.\0001\000\040\000D\000e\000t\000a\000i\000l\000e\000d\000\040\000D\000e\000s\000c\000r\000i\000p\000t\000i\000o\000n}{section.5.4}% 46
\BOOKMARK [2][-]{subsection.5.4.2}{\376\377\0005\000.\0004\000.\0002\000\040\000M\000e\000m\000b\000e\000r\000\040\000F\000u\000n\000c\000t\000i\000o\000n\000\040\000D\000o\000c\000u\000m\000e\000n\000t\000a\000t\000i\000o\000n}{section.5.4}% 47
\BOOKMARK [3][-]{subsubsection.5.4.2.1}{\376\377\0005\000.\0004\000.\0002\000.\0001\000\040\000A\000d\000d\000C\000h\000i\000l\000d\000\050\000\051}{subsection.5.4.2}% 48
\BOOKMARK [3][-]{subsubsection.5.4.2.2}{\376\377\0005\000.\0004\000.\0002\000.\0002\000\040\000E\000x\000e\000c\000u\000t\000e\000\050\000\051}{subsection.5.4.2}% 49
\BOOKMARK [1][-]{section.5.5}{\376\377\0005\000.\0005\000\040\000S\000a\000d\000S\000a\000p\000p\000h\000i\000c\000G\000a\000m\000e\000s\000.\000C\000o\000m\000m\000a\000n\000d\000P\000a\000t\000t\000e\000r\000n\000.\000I\000A\000s\000y\000n\000c\000C\000o\000m\000m\000a\000n\000d\000\040\000I\000n\000t\000e\000r\000f\000a\000c\000e\000\040\000R\000e\000f\000e\000r\000e\000n\000c\000e}{chapter.5}% 50
\BOOKMARK [2][-]{subsection.5.5.1}{\376\377\0005\000.\0005\000.\0001\000\040\000D\000e\000t\000a\000i\000l\000e\000d\000\040\000D\000e\000s\000c\000r\000i\000p\000t\000i\000o\000n}{section.5.5}% 51
\BOOKMARK [2][-]{subsection.5.5.2}{\376\377\0005\000.\0005\000.\0002\000\040\000M\000e\000m\000b\000e\000r\000\040\000F\000u\000n\000c\000t\000i\000o\000n\000\040\000D\000o\000c\000u\000m\000e\000n\000t\000a\000t\000i\000o\000n}{section.5.5}% 52
\BOOKMARK [3][-]{subsubsection.5.5.2.1}{\376\377\0005\000.\0005\000.\0002\000.\0001\000\040\000E\000x\000e\000c\000u\000t\000e\000A\000s\000y\000n\000c\000\050\000\051}{subsection.5.5.2}% 53
\BOOKMARK [2][-]{subsection.5.5.3}{\376\377\0005\000.\0005\000.\0003\000\040\000P\000r\000o\000p\000e\000r\000t\000y\000\040\000D\000o\000c\000u\000m\000e\000n\000t\000a\000t\000i\000o\000n}{section.5.5}% 54
\BOOKMARK [3][-]{subsubsection.5.5.3.1}{\376\377\0005\000.\0005\000.\0003\000.\0001\000\040\000C\000a\000n\000c\000e\000l\000l\000a\000t\000i\000o\000n\000T\000o\000k\000e\000n\000S\000o\000u\000r\000c\000e}{subsection.5.5.3}% 55
\BOOKMARK [3][-]{subsubsection.5.5.3.2}{\376\377\0005\000.\0005\000.\0003\000.\0002\000\040\000C\000o\000m\000m\000a\000n\000d\000T\000a\000s\000k}{subsection.5.5.3}% 56
\BOOKMARK [1][-]{section.5.6}{\376\377\0005\000.\0006\000\040\000S\000a\000d\000S\000a\000p\000p\000h\000i\000c\000G\000a\000m\000e\000s\000.\000C\000o\000m\000m\000a\000n\000d\000P\000a\000t\000t\000e\000r\000n\000.\000I\000C\000o\000m\000m\000a\000n\000d\000\040\000I\000n\000t\000e\000r\000f\000a\000c\000e\000\040\000R\000e\000f\000e\000r\000e\000n\000c\000e}{chapter.5}% 57
\BOOKMARK [2][-]{subsection.5.6.1}{\376\377\0005\000.\0006\000.\0001\000\040\000D\000e\000t\000a\000i\000l\000e\000d\000\040\000D\000e\000s\000c\000r\000i\000p\000t\000i\000o\000n}{section.5.6}% 58
\BOOKMARK [2][-]{subsection.5.6.2}{\376\377\0005\000.\0006\000.\0002\000\040\000M\000e\000m\000b\000e\000r\000\040\000F\000u\000n\000c\000t\000i\000o\000n\000\040\000D\000o\000c\000u\000m\000e\000n\000t\000a\000t\000i\000o\000n}{section.5.6}% 59
\BOOKMARK [3][-]{subsubsection.5.6.2.1}{\376\377\0005\000.\0006\000.\0002\000.\0001\000\040\000E\000x\000e\000c\000u\000t\000e\000\050\000\051}{subsection.5.6.2}% 60
\BOOKMARK [1][-]{section.5.7}{\376\377\0005\000.\0007\000\040\000S\000a\000d\000S\000a\000p\000p\000h\000i\000c\000G\000a\000m\000e\000s\000.\000C\000o\000m\000m\000a\000n\000d\000P\000a\000t\000t\000e\000r\000n\000.\000I\000F\000a\000i\000l\000a\000b\000l\000e\000\040\000I\000n\000t\000e\000r\000f\000a\000c\000e\000\040\000R\000e\000f\000e\000r\000e\000n\000c\000e}{chapter.5}% 61
\BOOKMARK [2][-]{subsection.5.7.1}{\376\377\0005\000.\0007\000.\0001\000\040\000D\000e\000t\000a\000i\000l\000e\000d\000\040\000D\000e\000s\000c\000r\000i\000p\000t\000i\000o\000n}{section.5.7}% 62
\BOOKMARK [2][-]{subsection.5.7.2}{\376\377\0005\000.\0007\000.\0002\000\040\000M\000e\000m\000b\000e\000r\000\040\000F\000u\000n\000c\000t\000i\000o\000n\000\040\000D\000o\000c\000u\000m\000e\000n\000t\000a\000t\000i\000o\000n}{section.5.7}% 63
\BOOKMARK [3][-]{subsubsection.5.7.2.1}{\376\377\0005\000.\0007\000.\0002\000.\0001\000\040\000W\000o\000u\000l\000d\000F\000a\000i\000l\000\050\000\051}{subsection.5.7.2}% 64
\BOOKMARK [1][-]{section.5.8}{\376\377\0005\000.\0008\000\040\000S\000a\000d\000S\000a\000p\000p\000h\000i\000c\000G\000a\000m\000e\000s\000.\000C\000o\000m\000m\000a\000n\000d\000P\000a\000t\000t\000e\000r\000n\000.\000I\000r\000r\000e\000v\000e\000r\000s\000i\000b\000l\000e\000C\000o\000m\000p\000o\000s\000i\000t\000e\000F\000a\000i\000l\000u\000r\000e\000E\000x\000c\000e\000p\000t\000i\000o\000n\000\040\000C\000l\000a\000s\000s\000\040\000R\000e\000f\000e\000r\000e\000n\000c\000e}{chapter.5}% 65
\BOOKMARK [2][-]{subsection.5.8.1}{\376\377\0005\000.\0008\000.\0001\000\040\000D\000e\000t\000a\000i\000l\000e\000d\000\040\000D\000e\000s\000c\000r\000i\000p\000t\000i\000o\000n}{section.5.8}% 66
\BOOKMARK [1][-]{section.5.9}{\376\377\0005\000.\0009\000\040\000S\000a\000d\000S\000a\000p\000p\000h\000i\000c\000G\000a\000m\000e\000s\000.\000C\000o\000m\000m\000a\000n\000d\000P\000a\000t\000t\000e\000r\000n\000.\000I\000U\000n\000d\000o\000a\000b\000l\000e\000\040\000I\000n\000t\000e\000r\000f\000a\000c\000e\000\040\000R\000e\000f\000e\000r\000e\000n\000c\000e}{chapter.5}% 67
\BOOKMARK [2][-]{subsection.5.9.1}{\376\377\0005\000.\0009\000.\0001\000\040\000D\000e\000t\000a\000i\000l\000e\000d\000\040\000D\000e\000s\000c\000r\000i\000p\000t\000i\000o\000n}{section.5.9}% 68
\BOOKMARK [2][-]{subsection.5.9.2}{\376\377\0005\000.\0009\000.\0002\000\040\000M\000e\000m\000b\000e\000r\000\040\000F\000u\000n\000c\000t\000i\000o\000n\000\040\000D\000o\000c\000u\000m\000e\000n\000t\000a\000t\000i\000o\000n}{section.5.9}% 69
\BOOKMARK [3][-]{subsubsection.5.9.2.1}{\376\377\0005\000.\0009\000.\0002\000.\0001\000\040\000G\000e\000t\000U\000n\000d\000o\000C\000o\000m\000m\000a\000n\000d\000\050\000\051}{subsection.5.9.2}% 70
\BOOKMARK [1][-]{section.5.10}{\376\377\0005\000.\0001\0000\000\040\000S\000a\000d\000S\000a\000p\000p\000h\000i\000c\000G\000a\000m\000e\000s\000.\000C\000o\000m\000m\000a\000n\000d\000P\000a\000t\000t\000e\000r\000n\000.\000N\000u\000l\000l\000C\000o\000m\000m\000a\000n\000d\000\040\000C\000l\000a\000s\000s\000\040\000R\000e\000f\000e\000r\000e\000n\000c\000e}{chapter.5}% 71
\BOOKMARK [2][-]{subsection.5.10.1}{\376\377\0005\000.\0001\0000\000.\0001\000\040\000D\000e\000t\000a\000i\000l\000e\000d\000\040\000D\000e\000s\000c\000r\000i\000p\000t\000i\000o\000n}{section.5.10}% 72
\BOOKMARK [2][-]{subsection.5.10.2}{\376\377\0005\000.\0001\0000\000.\0002\000\040\000M\000e\000m\000b\000e\000r\000\040\000F\000u\000n\000c\000t\000i\000o\000n\000\040\000D\000o\000c\000u\000m\000e\000n\000t\000a\000t\000i\000o\000n}{section.5.10}% 73
\BOOKMARK [3][-]{subsubsection.5.10.2.1}{\376\377\0005\000.\0001\0000\000.\0002\000.\0001\000\040\000E\000x\000e\000c\000u\000t\000e\000\050\000\051}{subsection.5.10.2}% 74
\BOOKMARK [3][-]{subsubsection.5.10.2.2}{\376\377\0005\000.\0001\0000\000.\0002\000.\0002\000\040\000G\000e\000t\000U\000n\000d\000o\000C\000o\000m\000m\000a\000n\000d\000\050\000\051}{subsection.5.10.2}% 75
\BOOKMARK [1][-]{section.5.11}{\376\377\0005\000.\0001\0001\000\040\000S\000a\000d\000S\000a\000p\000p\000h\000i\000c\000G\000a\000m\000e\000s\000.\000C\000o\000m\000m\000a\000n\000d\000P\000a\000t\000t\000e\000r\000n\000.\000N\000u\000l\000l\000C\000o\000m\000p\000o\000s\000i\000t\000e\000C\000o\000m\000m\000a\000n\000d\000\040\000C\000l\000a\000s\000s\000\040\000R\000e\000f\000e\000r\000e\000n\000c\000e}{chapter.5}% 76
\BOOKMARK [2][-]{subsection.5.11.1}{\376\377\0005\000.\0001\0001\000.\0001\000\040\000D\000e\000t\000a\000i\000l\000e\000d\000\040\000D\000e\000s\000c\000r\000i\000p\000t\000i\000o\000n}{section.5.11}% 77
\BOOKMARK [2][-]{subsection.5.11.2}{\376\377\0005\000.\0001\0001\000.\0002\000\040\000C\000o\000n\000s\000t\000r\000u\000c\000t\000o\000r\000\040\000\046\000\040\000D\000e\000s\000t\000r\000u\000c\000t\000o\000r\000\040\000D\000o\000c\000u\000m\000e\000n\000t\000a\000t\000i\000o\000n}{section.5.11}% 78
\BOOKMARK [3][-]{subsubsection.5.11.2.1}{\376\377\0005\000.\0001\0001\000.\0002\000.\0001\000\040\000N\000u\000l\000l\000C\000o\000m\000p\000o\000s\000i\000t\000e\000C\000o\000m\000m\000a\000n\000d\000\050\000\051}{subsection.5.11.2}% 79
\BOOKMARK [2][-]{subsection.5.11.3}{\376\377\0005\000.\0001\0001\000.\0003\000\040\000M\000e\000m\000b\000e\000r\000\040\000F\000u\000n\000c\000t\000i\000o\000n\000\040\000D\000o\000c\000u\000m\000e\000n\000t\000a\000t\000i\000o\000n}{section.5.11}% 80
\BOOKMARK [3][-]{subsubsection.5.11.3.1}{\376\377\0005\000.\0001\0001\000.\0003\000.\0001\000\040\000G\000e\000t\000U\000n\000d\000o\000C\000o\000m\000m\000a\000n\000d\000\050\000\051}{subsection.5.11.3}% 81
\BOOKMARK [1][-]{section.5.12}{\376\377\0005\000.\0001\0002\000\040\000S\000a\000d\000S\000a\000p\000p\000h\000i\000c\000G\000a\000m\000e\000s\000.\000C\000o\000m\000m\000a\000n\000d\000P\000a\000t\000t\000e\000r\000n\000.\000R\000e\000v\000e\000r\000s\000i\000b\000l\000e\000C\000o\000m\000p\000o\000s\000i\000t\000e\000F\000a\000i\000l\000u\000r\000e\000E\000x\000c\000e\000p\000t\000i\000o\000n\000\040\000C\000l\000a\000s\000s\000\040\000R\000e\000f\000e\000r\000e\000n\000c\000e}{chapter.5}% 82
\BOOKMARK [2][-]{subsection.5.12.1}{\376\377\0005\000.\0001\0002\000.\0001\000\040\000D\000e\000t\000a\000i\000l\000e\000d\000\040\000D\000e\000s\000c\000r\000i\000p\000t\000i\000o\000n}{section.5.12}% 83
\BOOKMARK [1][-]{section.5.13}{\376\377\0005\000.\0001\0003\000\040\000S\000a\000d\000S\000a\000p\000p\000h\000i\000c\000G\000a\000m\000e\000s\000.\000C\000o\000m\000m\000a\000n\000d\000P\000a\000t\000t\000e\000r\000n\000.\000S\000i\000m\000p\000l\000e\000C\000o\000m\000p\000o\000s\000i\000t\000e\000\040\000C\000l\000a\000s\000s\000\040\000R\000e\000f\000e\000r\000e\000n\000c\000e}{chapter.5}% 84
\BOOKMARK [2][-]{subsection.5.13.1}{\376\377\0005\000.\0001\0003\000.\0001\000\040\000D\000e\000t\000a\000i\000l\000e\000d\000\040\000D\000e\000s\000c\000r\000i\000p\000t\000i\000o\000n}{section.5.13}% 85
\BOOKMARK [2][-]{subsection.5.13.2}{\376\377\0005\000.\0001\0003\000.\0002\000\040\000C\000o\000n\000s\000t\000r\000u\000c\000t\000o\000r\000\040\000\046\000\040\000D\000e\000s\000t\000r\000u\000c\000t\000o\000r\000\040\000D\000o\000c\000u\000m\000e\000n\000t\000a\000t\000i\000o\000n}{section.5.13}% 86
\BOOKMARK [3][-]{subsubsection.5.13.2.1}{\376\377\0005\000.\0001\0003\000.\0002\000.\0001\000\040\000S\000i\000m\000p\000l\000e\000C\000o\000m\000p\000o\000s\000i\000t\000e\000\050\000\051}{subsection.5.13.2}% 87
\BOOKMARK [1][-]{section.5.14}{\376\377\0005\000.\0001\0004\000\040\000S\000a\000d\000S\000a\000p\000p\000h\000i\000c\000G\000a\000m\000e\000s\000.\000C\000o\000m\000m\000a\000n\000d\000P\000a\000t\000t\000e\000r\000n\000.\000S\000i\000n\000g\000l\000e\000t\000o\000n\000C\000o\000m\000m\000a\000n\000d\000M\000a\000n\000a\000g\000e\000r\000\040\000C\000l\000a\000s\000s\000\040\000R\000e\000f\000e\000r\000e\000n\000c\000e}{chapter.5}% 88
\BOOKMARK [2][-]{subsection.5.14.1}{\376\377\0005\000.\0001\0004\000.\0001\000\040\000D\000e\000t\000a\000i\000l\000e\000d\000\040\000D\000e\000s\000c\000r\000i\000p\000t\000i\000o\000n}{section.5.14}% 89
\BOOKMARK [2][-]{subsection.5.14.2}{\376\377\0005\000.\0001\0004\000.\0002\000\040\000M\000e\000m\000b\000e\000r\000\040\000F\000u\000n\000c\000t\000i\000o\000n\000\040\000D\000o\000c\000u\000m\000e\000n\000t\000a\000t\000i\000o\000n}{section.5.14}% 90
\BOOKMARK [3][-]{subsubsection.5.14.2.1}{\376\377\0005\000.\0001\0004\000.\0002\000.\0001\000\040\000D\000r\000o\000p\000C\000o\000m\000m\000a\000n\000d\000H\000i\000s\000t\000o\000r\000y\000\050\000\051}{subsection.5.14.2}% 91
\BOOKMARK [3][-]{subsubsection.5.14.2.2}{\376\377\0005\000.\0001\0004\000.\0002\000.\0002\000\040\000F\000o\000r\000c\000e\000Q\000u\000e\000u\000e\000U\000n\000d\000o\000C\000o\000m\000m\000a\000n\000d\000\050\000\051}{subsection.5.14.2}% 92
\BOOKMARK [3][-]{subsubsection.5.14.2.3}{\376\377\0005\000.\0001\0004\000.\0002\000.\0003\000\040\000G\000e\000t\000C\000o\000m\000m\000a\000n\000d\000H\000i\000s\000t\000o\000r\000y\000\050\000\051}{subsection.5.14.2}% 93
\BOOKMARK [3][-]{subsubsection.5.14.2.4}{\376\377\0005\000.\0001\0004\000.\0002\000.\0004\000\040\000G\000e\000t\000R\000u\000n\000n\000i\000n\000g\000C\000o\000m\000m\000a\000n\000d\000T\000a\000s\000k\000s\000\050\000\051}{subsection.5.14.2}% 94
\BOOKMARK [3][-]{subsubsection.5.14.2.5}{\376\377\0005\000.\0001\0004\000.\0002\000.\0005\000\040\000Q\000u\000e\000u\000e\000C\000o\000m\000m\000a\000n\000d\000\050\000\051}{subsection.5.14.2}% 95
\BOOKMARK [3][-]{subsubsection.5.14.2.6}{\376\377\0005\000.\0001\0004\000.\0002\000.\0006\000\040\000Q\000u\000e\000u\000e\000C\000o\000m\000m\000a\000n\000d\000s\000\050\000\051}{subsection.5.14.2}% 96
\BOOKMARK [3][-]{subsubsection.5.14.2.7}{\376\377\0005\000.\0001\0004\000.\0002\000.\0007\000\040\000T\000o\000g\000g\000l\000e\000C\000o\000m\000m\000a\000n\000d\000E\000x\000e\000c\000u\000t\000i\000o\000n\000\050\000\051}{subsection.5.14.2}% 97
\BOOKMARK [3][-]{subsubsection.5.14.2.8}{\376\377\0005\000.\0001\0004\000.\0002\000.\0008\000\040\000T\000r\000y\000Q\000u\000e\000u\000e\000U\000n\000d\000o\000C\000o\000m\000m\000a\000n\000d\000\050\000\051}{subsection.5.14.2}% 98
\BOOKMARK [0][-]{section*.45}{\376\377\000I\000n\000d\000e\000x}{}% 99
